<?xml version="1.0" encoding="UTF-8"?>
<!-- Generated by org.testng.reporters.JUnitReportReporter -->
<testsuite hostname="DESKTOP-L0NOLEM" failures="0" tests="1" name="sandipanacademy.Test.UserRegistration" time="7.832" errors="0" timestamp="2023-07-13T21:33:53 IST" skipped="0">
  <testcase classname="sandipanacademy.Test.UserRegistration" name="registerUser" time="7.832"/>
</testsuite> <!-- sandipanacademy.Test.UserRegistration -->
