<?xml version="1.0" encoding="UTF-8"?>
<!-- Generated by org.testng.reporters.JUnitReportReporter -->
<testsuite hostname="DESKTOP-L0NOLEM" failures="0" tests="1" name="sandipanacademy.Test.HomePage" time="20.189" errors="0" timestamp="2023-07-13T19:59:32 IST" skipped="0">
  <testcase classname="sandipanacademy.Test.HomePage" name="submitOrder" time="20.189"/>
</testsuite> <!-- sandipanacademy.Test.HomePage -->
