<?xml version="1.0" encoding="UTF-8"?>
<!-- Generated by org.testng.reporters.JUnitReportReporter -->
<testsuite hostname="DESKTOP-L0NOLEM" failures="0" tests="3" name="sandipanacademy.Test.ErrorCaptureTest" time="126.037" errors="0" timestamp="2023-07-19T02:28:33 IST" skipped="0">
  <testcase classname="sandipanacademy.Test.ErrorCaptureTest" name="errorValidation" time="47.178"/>
  <testcase classname="sandipanacademy.Test.ErrorCaptureTest" name="errorValidation" time="37.399"/>
  <testcase classname="sandipanacademy.Test.ErrorCaptureTest" name="errorValidation" time="41.460"/>
</testsuite> <!-- sandipanacademy.Test.ErrorCaptureTest -->
