<?xml version="1.0" encoding="UTF-8"?>
<!-- Generated by org.testng.reporters.JUnitReportReporter -->
<testsuite hostname="DESKTOP-L0NOLEM" failures="0" tests="6" name="sandipanacademy.Test.HomePageTest" time="261.545" errors="0" timestamp="2023-07-16T23:54:35 IST" skipped="0">
  <testcase classname="sandipanacademy.Test.HomePageTest" name="submitOrder" time="49.960"/>
  <testcase classname="sandipanacademy.Test.HomePageTest" name="submitOrder" time="49.685"/>
  <testcase classname="sandipanacademy.Test.HomePageTest" name="validateMyOrder" time="40.639"/>
  <testcase classname="sandipanacademy.Test.HomePageTest" name="submitOrder" time="49.616"/>
  <testcase classname="sandipanacademy.Test.HomePageTest" name="validateMyOrder" time="37.683"/>
  <testcase classname="sandipanacademy.Test.HomePageTest" name="validateMyOrder" time="33.962"/>
</testsuite> <!-- sandipanacademy.Test.HomePageTest -->
