<?xml version="1.0" encoding="UTF-8"?>
<!-- Generated by org.testng.reporters.JUnitReportReporter -->
<testsuite hostname="DESKTOP-L0NOLEM" failures="0" tests="3" name="sandipanacademy.Test.UserRegistrationTest" time="105.909" errors="0" timestamp="2023-07-16T23:54:35 IST" skipped="0">
  <testcase classname="sandipanacademy.Test.UserRegistrationTest" name="registerUser" time="34.236"/>
  <testcase classname="sandipanacademy.Test.UserRegistrationTest" name="registerUser" time="34.456"/>
  <testcase classname="sandipanacademy.Test.UserRegistrationTest" name="registerUser" time="37.217"/>
</testsuite> <!-- sandipanacademy.Test.UserRegistrationTest -->
