<?xml version="1.0" encoding="UTF-8"?>
<!-- Generated by org.testng.reporters.JUnitReportReporter -->
<testsuite hostname="DESKTOP-L0NOLEM" failures="0" tests="3" name="sandipanacademy.Test.ErrorCaptureTest" time="109.201" errors="0" timestamp="2023-07-16T23:54:35 IST" skipped="0">
  <testcase classname="sandipanacademy.Test.ErrorCaptureTest" name="errorValidation" time="36.456"/>
  <testcase classname="sandipanacademy.Test.ErrorCaptureTest" name="errorValidation" time="36.547"/>
  <testcase classname="sandipanacademy.Test.ErrorCaptureTest" name="errorValidation" time="36.198"/>
</testsuite> <!-- sandipanacademy.Test.ErrorCaptureTest -->
